C51 COMPILER V9.01   ANJIAN                                                                11/23/2015 22:48:35 PAGE 1   


C51 COMPILER V9.01, COMPILATION OF MODULE ANJIAN
OBJECT MODULE PLACED IN anjian.OBJ
COMPILER INVOKED BY: C:\Keil\C51\BIN\C51.EXE anjian.c BROWSE DEBUG OBJECTEXTEND

line level    source

   1          #include<reg51.h>
   2          #define LED P2 
   3          sbit   BUT=P3^7 ;
   4          sbit   L1=P3^0;
   5          sbit   L2=P3^1; 
   6          unsigned char num[]={0x3f,0x06,0x5b,0x4f,0x66,0x6d,0x7d,0x07,0x7f,0x6f};
   7          unsigned char chen[2]={0};
   8          void display();
   9          void main( )
  10          {
  11   1              int a=0,b=0,i;
  12   1              while(1)
  13   1                { 
  14   2                        display();
  15   2                      BUT=1;
  16   2                      if(BUT==0)
  17   2                      {
  18   3                              i=1000;
  19   3                              while(i--);
  20   3                              if(BUT==0)
  21   3                              {
  22   4      
  23   4                              a++;
  24   4                              if(a==9)
  25   4                              {        b++;
  26   5                                      chen[1]=num[b];
  27   5                                      a=0;
  28   5                                      if(b==10)  b=0;
  29   5                              }
  30   4                              chen[0]=num[a];
  31   4                              while(BUT==0);     //À… ÷ºÏ≤‚
  32   4      
  33   4      
  34   4      
  35   4                              }               
  36   3      
  37   3                       }
  38   2                 }
  39   1      
  40   1      
  41   1      
  42   1      }
  43          void display()
  44          {
  45   1              int i,b;
  46   1              for(i=0;i<2;i++)
  47   1              {
  48   2                      switch(i)
  49   2                                      {
  50   3                                              case(0): L1=1;L2=0;break;
  51   3                                              case(1): L1=0;L2=1;break;
  52   3                                      }
  53   2                              
  54   2                                      LED=chen[i];
  55   2                                      b=1000;
C51 COMPILER V9.01   ANJIAN                                                                11/23/2015 22:48:35 PAGE 2   

  56   2                                      while(b--);
  57   2                                      LED=0x00;                  //œ˚“˛
  58   2                              }
  59   1      
  60   1      }


MODULE INFORMATION:   STATIC OVERLAYABLE
   CODE SIZE        =    151    ----
   CONSTANT SIZE    =   ----    ----
   XDATA SIZE       =   ----    ----
   PDATA SIZE       =   ----    ----
   DATA SIZE        =     12       4
   IDATA SIZE       =   ----    ----
   BIT SIZE         =   ----    ----
END OF MODULE INFORMATION.


C51 COMPILATION COMPLETE.  0 WARNING(S),  0 ERROR(S)
